<?xml version="1.0" encoding="UTF-8"?>
<testsuite name="SILab2Test" tests="2" skipped="0" failures="0" errors="0" timestamp="2023-05-28T23:14:34" hostname="DESKTOP-BS9CQRO" time="0.031">
  <properties/>
  <testcase name="multipleConditionsTest()" classname="SILab2Test" time="0.028"/>
  <testcase name="everyBranchTest()" classname="SILab2Test" time="0.002"/>
  <system-out><![CDATA[]]></system-out>
  <system-err><![CDATA[]]></system-err>
</testsuite>
